10 [140212736358336] INFO perfrun.launcher <> - Launcher main begin
10 [140212736358336] INFO perfrun.launcher <> - MessageCatalogInit finished
11 [140212736358336] INFO perfrun.launcher <> - Launcher instance created
11 [140212736358336] INFO perfrun.launcher <> - argc = 6; cmdline = /opt/intel/oneapi/advisor/2022.1.0/bin64/advixe-runss -dump-vdso -r /home/stefan/git/asl/team36/src/alg2/roofline_analysis/1024/e000/hs000 --tmp-dir /tmp/advixe-tmp-stefan 
40 [140212736358336] INFO perfrun.launcher <> - create msngr2::ICliToolContext
40 [140212736358336] INFO perfrun.launcher <> - create file finder object
41 [140212604876544] INFO perfrun.launcher <> - plugin [remoteplug] was disabled because it doesn't support the given collection type.
41 [140212604876544] INFO perfrun.launcher <> - plugin [system] was disabled because it doesn't support the given collection type.
41 [140212604876544] INFO perfrun.vdso <> - dumping [vdso] pseudomodule
42 [140212604876544] INFO perfrun.launcher <> - plugin [itt] was disabled because it doesn't support the given collection type.
42 [140212604876544] INFO perfrun.launcher <> - plugin [] was disabled because it doesn't support the given collection type.
43 [140212604876544] INFO perfrun.launcher <> - plugin [gpu] was disabled because it doesn't support the given collection type.
43 [140212604876544] INFO perfrun.launcher <> - plugin [] was disabled because it doesn't support the given collection type.
43 [140212604876544] INFO perfrun.launcher <> - plugin [] was disabled because it doesn't support the given collection type.
43 [140212604876544] INFO perfrun.launcher <> - plugin [] was disabled because it doesn't support the given collection type.
43 [140212604876544] INFO perfrun.launcher <> - plugin [mrte] was disabled because it doesn't support the given collection type.
43 [140212604876544] INFO perfrun.launcher <> - plugin [] was disabled because it doesn't support the given collection type.
43 [140212604876544] INFO perfrun.launcher <> - plugin [] was disabled because it doesn't support the given collection type.
43 [140212604876544] INFO perfrun.launcher <> - plugin [] was disabled because it doesn't support the given collection type.
43 [140212604876544] INFO perfrun.launcher <> - plugin [] was disabled because it doesn't support the given collection type.
43 [140212604876544] INFO perfrun.launcher <> - plugin [] was disabled because it doesn't support the given collection type.
43 [140212604876544] INFO perfrun.launcher <> - plugin [] was disabled because it doesn't support the given collection type.
43 [140212604876544] INFO perfrun.launcher <> - plugin [] was disabled because it doesn't support the given collection type.
43 [140212604876544] INFO perfrun.launcher <> - plugin [tpss] was disabled because it doesn't support the given collection type.
43 [140212604876544] INFO perfrun.launcher <> - plugin [] was disabled because it doesn't support the given collection type.
43 [140212604876544] INFO perfrun.launcher <> - plugin [] was disabled because it doesn't support the given collection type.
43 [140212604876544] INFO perfrun.launcher <> - plugin [] was disabled because it doesn't support the given collection type.
43 [140212604876544] INFO perfrun.launcher <> - plugin [] was disabled because it doesn't support the given collection type.
43 [140212604876544] INFO perfrun.launcher <> - plugin [] was disabled because it doesn't support the given collection type.
43 [140212604876544] INFO perfrun.launcher <> - plugin [] was disabled because it doesn't support the given collection type.
43 [140212604876544] INFO perfrun.launcher <> - plugin [] was disabled because it doesn't support the given collection type.
43 [140212604876544] INFO perfrun.launcher <> - plugin [] was disabled because it doesn't support the given collection type.
43 [140212604876544] INFO perfrun.launcher <> - plugin [] was disabled because it doesn't support the given collection type.
43 [140212736358336] INFO perfrun.launcher <> - Application exit code: 0
43 [140212736358336] INFO perfrun.launcher <> - Exit code: 0
