12 [140451923937216] INFO perfrun.launcher <> - Launcher main begin
13 [140451923937216] INFO perfrun.launcher <> - MessageCatalogInit finished
13 [140451923937216] INFO perfrun.launcher <> - Launcher instance created
13 [140451923937216] INFO perfrun.launcher <> - argc = 6; cmdline = /opt/intel/oneapi/advisor/2022.1.0/bin64/advixe-runss -dump-vdso -r /home/stefan/git/asl/team36/src/alg2/opt/scalar/opt2/roofline_analysis/512/e000/hs000 --tmp-dir /tmp/advixe-tmp-stefan 
54 [140451923937216] INFO perfrun.launcher <> - create msngr2::ICliToolContext
54 [140451923937216] INFO perfrun.launcher <> - create file finder object
55 [140451792455424] INFO perfrun.launcher <> - plugin [remoteplug] was disabled because it doesn't support the given collection type.
55 [140451792455424] INFO perfrun.launcher <> - plugin [system] was disabled because it doesn't support the given collection type.
55 [140451792455424] INFO perfrun.vdso <> - dumping [vdso] pseudomodule
56 [140451792455424] INFO perfrun.launcher <> - plugin [itt] was disabled because it doesn't support the given collection type.
56 [140451792455424] INFO perfrun.launcher <> - plugin [] was disabled because it doesn't support the given collection type.
56 [140451792455424] INFO perfrun.launcher <> - plugin [gpu] was disabled because it doesn't support the given collection type.
56 [140451792455424] INFO perfrun.launcher <> - plugin [] was disabled because it doesn't support the given collection type.
56 [140451792455424] INFO perfrun.launcher <> - plugin [] was disabled because it doesn't support the given collection type.
56 [140451792455424] INFO perfrun.launcher <> - plugin [] was disabled because it doesn't support the given collection type.
56 [140451792455424] INFO perfrun.launcher <> - plugin [mrte] was disabled because it doesn't support the given collection type.
56 [140451792455424] INFO perfrun.launcher <> - plugin [] was disabled because it doesn't support the given collection type.
56 [140451792455424] INFO perfrun.launcher <> - plugin [] was disabled because it doesn't support the given collection type.
56 [140451792455424] INFO perfrun.launcher <> - plugin [] was disabled because it doesn't support the given collection type.
56 [140451792455424] INFO perfrun.launcher <> - plugin [] was disabled because it doesn't support the given collection type.
56 [140451792455424] INFO perfrun.launcher <> - plugin [] was disabled because it doesn't support the given collection type.
56 [140451792455424] INFO perfrun.launcher <> - plugin [] was disabled because it doesn't support the given collection type.
56 [140451792455424] INFO perfrun.launcher <> - plugin [] was disabled because it doesn't support the given collection type.
56 [140451792455424] INFO perfrun.launcher <> - plugin [tpss] was disabled because it doesn't support the given collection type.
56 [140451792455424] INFO perfrun.launcher <> - plugin [] was disabled because it doesn't support the given collection type.
56 [140451792455424] INFO perfrun.launcher <> - plugin [] was disabled because it doesn't support the given collection type.
56 [140451792455424] INFO perfrun.launcher <> - plugin [] was disabled because it doesn't support the given collection type.
56 [140451792455424] INFO perfrun.launcher <> - plugin [] was disabled because it doesn't support the given collection type.
56 [140451792455424] INFO perfrun.launcher <> - plugin [] was disabled because it doesn't support the given collection type.
56 [140451792455424] INFO perfrun.launcher <> - plugin [] was disabled because it doesn't support the given collection type.
56 [140451792455424] INFO perfrun.launcher <> - plugin [] was disabled because it doesn't support the given collection type.
56 [140451792455424] INFO perfrun.launcher <> - plugin [] was disabled because it doesn't support the given collection type.
56 [140451792455424] INFO perfrun.launcher <> - plugin [] was disabled because it doesn't support the given collection type.
56 [140451923937216] INFO perfrun.launcher <> - Application exit code: 0
56 [140451923937216] INFO perfrun.launcher <> - Exit code: 0
