<?xml version="1.0" encoding="utf-8"?>
<log version="1.0" tool="runtool">

<msg id="1" tool="runtool">
  <type>log-start</type>
  <arg>2022/06/19 17:45:14</arg>
</msg>
<msg id="2" tool="runtool">
  <type>bandwidth-measurement-starts</type>
</msg>
<msg id="3" tool="runtool">
  <type>bandwidth-measurement-done</type>
</msg>
<msg id="4" tool="runtool">
  <type>collector-starts</type>
</msg>
<msg id="5" tool="runtool">
  <type>marker-file</type>
  <arg>/home/stefan/git/asl/team36/src/alg2/opt/vectorized/opt2/roofline_analysis/256/e000/trc000/trc000.advixe</arg>
</msg>
<msg id="6" tool="trc">
  <type>PROCESS_START</type>
  <arg>/home/stefan/git/asl/team36/src/alg2/opt/vectorized/opt2/alg2opt2.out</arg>
  <arg>13501</arg>
  <severity>INFO</severity>
  <timestamp>Sun Jun 19 17:45:25 2022</timestamp>
</msg>
<msg id="7" tool="trc">
  <type>PROCESS_ANALYSIS_MODE</type>
  <arg>full</arg>
  <severity>INFO</severity>
  <timestamp>Sun Jun 19 17:45:25 2022</timestamp>
</msg>
<msg id="8" tool="trc">
  <type>LOAD_MODULE</type>
  <arg>/home/stefan/git/asl/team36/src/alg2/opt/vectorized/opt2/alg2opt2.out</arg>
  <arg>0x562f1d996000</arg>
  <arg>0x562f1dbaa12f</arg>
  <arg>yes</arg>
  <severity>INFO</severity>
  <timestamp>Sun Jun 19 17:45:25 2022</timestamp>
</msg>
<msg id="9" tool="trc">
  <type>LOAD_MODULE</type>
  <arg>/lib64/ld-linux-x86-64.so.2</arg>
  <arg>0x7ffb5fcf6000</arg>
  <arg>0x7ffb5ff2116f</arg>
  <arg>no</arg>
  <severity>INFO</severity>
  <timestamp>Sun Jun 19 17:45:25 2022</timestamp>
</msg>
<msg id="10" tool="trc">
  <type>LOAD_MODULE</type>
  <arg>[vdso]</arg>
  <arg>0x7fff57168000</arg>
  <arg>0x7fff57168ab0</arg>
  <arg>no</arg>
  <severity>INFO</severity>
  <timestamp>Sun Jun 19 17:45:25 2022</timestamp>
</msg>
<msg id="11" tool="trc">
  <type>LOAD_MODULE</type>
  <arg>/lib/x86_64-linux-gnu/libm.so.6</arg>
  <arg>0x7ffb496b4000</arg>
  <arg>0x7ffb49a51157</arg>
  <arg>no</arg>
  <severity>INFO</severity>
  <timestamp>Sun Jun 19 17:45:25 2022</timestamp>
</msg>
<msg id="12" tool="trc">
  <type>LOAD_MODULE</type>
  <arg>/lib/x86_64-linux-gnu/libc.so.6</arg>
  <arg>0x7ffb4924a000</arg>
  <arg>0x7ffb4963aadf</arg>
  <arg>no</arg>
  <severity>INFO</severity>
  <timestamp>Sun Jun 19 17:45:25 2022</timestamp>
</msg>
<msg id="13" tool="trc">
  <type>UNLOAD_MODULE</type>
  <arg>/home/stefan/git/asl/team36/src/alg2/opt/vectorized/opt2/alg2opt2.out</arg>
  <severity>INFO</severity>
  <timestamp>Sun Jun 19 17:46:16 2022</timestamp>
</msg>
<msg id="14" tool="trc">
  <type>UNLOAD_MODULE</type>
  <arg>/lib64/ld-linux-x86-64.so.2</arg>
  <severity>INFO</severity>
  <timestamp>Sun Jun 19 17:46:16 2022</timestamp>
</msg>
<msg id="15" tool="trc">
  <type>UNLOAD_MODULE</type>
  <arg>[vdso]</arg>
  <severity>INFO</severity>
  <timestamp>Sun Jun 19 17:46:16 2022</timestamp>
</msg>
<msg id="16" tool="trc">
  <type>UNLOAD_MODULE</type>
  <arg>/lib/x86_64-linux-gnu/libm.so.6</arg>
  <severity>INFO</severity>
  <timestamp>Sun Jun 19 17:46:16 2022</timestamp>
</msg>
<msg id="17" tool="trc">
  <type>UNLOAD_MODULE</type>
  <arg>/lib/x86_64-linux-gnu/libc.so.6</arg>
  <severity>INFO</severity>
  <timestamp>Sun Jun 19 17:46:16 2022</timestamp>
</msg>
<msg id="18" tool="trc">
  <type>PROCESS_FINISH</type>
  <arg>/home/stefan/git/asl/team36/src/alg2/opt/vectorized/opt2/alg2opt2.out</arg>
  <arg>13501</arg>
  <arg>0x0</arg>
  <severity>INFO</severity>
  <timestamp>Sun Jun 19 17:46:16 2022</timestamp>
</msg>
<msg id="19" tool="runtool">
  <type>app-exit-code</type>
  <arg>0</arg>
</msg>
<msg id="20" tool="runtool">
  <type>marker-file</type>
  <arg>/home/stefan/git/asl/team36/src/alg2/opt/vectorized/opt2/roofline_analysis/256/e000/trc000/trc000.advixe</arg>
</msg>
<msg id="21" tool="runtool">
  <type>collector-done</type>
</msg>
<msg id="22" tool="runtool">
  <type>log-end</type>
  <arg>2022/06/19 17:46:20</arg>
</msg>

</log>

