12 [140407405504448] INFO perfrun.launcher <> - Launcher main begin
14 [140407405504448] INFO perfrun.launcher <> - MessageCatalogInit finished
14 [140407405504448] INFO perfrun.launcher <> - Launcher instance created
14 [140407405504448] INFO perfrun.launcher <> - argc = 6; cmdline = /opt/intel/oneapi/advisor/2022.1.0/bin64/advixe-runss -dump-vdso -r /home/stefan/git/asl/team36/src/alg2/opt/scalar/opt3/roofline_analysis/128/e000/hs000 --tmp-dir /tmp/advixe-tmp-stefan 
58 [140407405504448] INFO perfrun.launcher <> - create msngr2::ICliToolContext
58 [140407405504448] INFO perfrun.launcher <> - create file finder object
59 [140407274022656] INFO perfrun.launcher <> - plugin [remoteplug] was disabled because it doesn't support the given collection type.
59 [140407274022656] INFO perfrun.launcher <> - plugin [system] was disabled because it doesn't support the given collection type.
59 [140407274022656] INFO perfrun.vdso <> - dumping [vdso] pseudomodule
61 [140407274022656] INFO perfrun.launcher <> - plugin [itt] was disabled because it doesn't support the given collection type.
61 [140407274022656] INFO perfrun.launcher <> - plugin [] was disabled because it doesn't support the given collection type.
61 [140407274022656] INFO perfrun.launcher <> - plugin [gpu] was disabled because it doesn't support the given collection type.
61 [140407274022656] INFO perfrun.launcher <> - plugin [] was disabled because it doesn't support the given collection type.
61 [140407274022656] INFO perfrun.launcher <> - plugin [] was disabled because it doesn't support the given collection type.
61 [140407274022656] INFO perfrun.launcher <> - plugin [] was disabled because it doesn't support the given collection type.
61 [140407274022656] INFO perfrun.launcher <> - plugin [mrte] was disabled because it doesn't support the given collection type.
61 [140407274022656] INFO perfrun.launcher <> - plugin [] was disabled because it doesn't support the given collection type.
61 [140407274022656] INFO perfrun.launcher <> - plugin [] was disabled because it doesn't support the given collection type.
61 [140407274022656] INFO perfrun.launcher <> - plugin [] was disabled because it doesn't support the given collection type.
61 [140407274022656] INFO perfrun.launcher <> - plugin [] was disabled because it doesn't support the given collection type.
61 [140407274022656] INFO perfrun.launcher <> - plugin [] was disabled because it doesn't support the given collection type.
61 [140407274022656] INFO perfrun.launcher <> - plugin [] was disabled because it doesn't support the given collection type.
61 [140407274022656] INFO perfrun.launcher <> - plugin [] was disabled because it doesn't support the given collection type.
61 [140407274022656] INFO perfrun.launcher <> - plugin [tpss] was disabled because it doesn't support the given collection type.
61 [140407274022656] INFO perfrun.launcher <> - plugin [] was disabled because it doesn't support the given collection type.
61 [140407274022656] INFO perfrun.launcher <> - plugin [] was disabled because it doesn't support the given collection type.
61 [140407274022656] INFO perfrun.launcher <> - plugin [] was disabled because it doesn't support the given collection type.
61 [140407274022656] INFO perfrun.launcher <> - plugin [] was disabled because it doesn't support the given collection type.
61 [140407274022656] INFO perfrun.launcher <> - plugin [] was disabled because it doesn't support the given collection type.
61 [140407274022656] INFO perfrun.launcher <> - plugin [] was disabled because it doesn't support the given collection type.
61 [140407274022656] INFO perfrun.launcher <> - plugin [] was disabled because it doesn't support the given collection type.
61 [140407274022656] INFO perfrun.launcher <> - plugin [] was disabled because it doesn't support the given collection type.
61 [140407274022656] INFO perfrun.launcher <> - plugin [] was disabled because it doesn't support the given collection type.
61 [140407405504448] INFO perfrun.launcher <> - Application exit code: 0
61 [140407405504448] INFO perfrun.launcher <> - Exit code: 0
