11 [139622097790912] INFO perfrun.launcher <> - Launcher main begin
12 [139622097790912] INFO perfrun.launcher <> - MessageCatalogInit finished
12 [139622097790912] INFO perfrun.launcher <> - Launcher instance created
12 [139622097790912] INFO perfrun.launcher <> - argc = 6; cmdline = /opt/intel/oneapi/advisor/2022.1.0/bin64/advixe-runss -dump-vdso -r /home/stefan/git/asl/team36/src/alg1/opt/vectorized/opt1/roofline_analysis/512/e000/hs000 --tmp-dir /tmp/advixe-tmp-stefan 
43 [139622097790912] INFO perfrun.launcher <> - create msngr2::ICliToolContext
43 [139622097790912] INFO perfrun.launcher <> - create file finder object
44 [139621966309120] INFO perfrun.launcher <> - plugin [remoteplug] was disabled because it doesn't support the given collection type.
44 [139621966309120] INFO perfrun.launcher <> - plugin [system] was disabled because it doesn't support the given collection type.
44 [139621966309120] INFO perfrun.vdso <> - dumping [vdso] pseudomodule
46 [139621966309120] INFO perfrun.launcher <> - plugin [itt] was disabled because it doesn't support the given collection type.
46 [139621966309120] INFO perfrun.launcher <> - plugin [] was disabled because it doesn't support the given collection type.
46 [139621966309120] INFO perfrun.launcher <> - plugin [gpu] was disabled because it doesn't support the given collection type.
46 [139621966309120] INFO perfrun.launcher <> - plugin [] was disabled because it doesn't support the given collection type.
46 [139621966309120] INFO perfrun.launcher <> - plugin [] was disabled because it doesn't support the given collection type.
46 [139621966309120] INFO perfrun.launcher <> - plugin [] was disabled because it doesn't support the given collection type.
46 [139621966309120] INFO perfrun.launcher <> - plugin [mrte] was disabled because it doesn't support the given collection type.
46 [139621966309120] INFO perfrun.launcher <> - plugin [] was disabled because it doesn't support the given collection type.
46 [139621966309120] INFO perfrun.launcher <> - plugin [] was disabled because it doesn't support the given collection type.
46 [139621966309120] INFO perfrun.launcher <> - plugin [] was disabled because it doesn't support the given collection type.
46 [139621966309120] INFO perfrun.launcher <> - plugin [] was disabled because it doesn't support the given collection type.
46 [139621966309120] INFO perfrun.launcher <> - plugin [] was disabled because it doesn't support the given collection type.
46 [139621966309120] INFO perfrun.launcher <> - plugin [] was disabled because it doesn't support the given collection type.
46 [139621966309120] INFO perfrun.launcher <> - plugin [] was disabled because it doesn't support the given collection type.
46 [139621966309120] INFO perfrun.launcher <> - plugin [tpss] was disabled because it doesn't support the given collection type.
46 [139621966309120] INFO perfrun.launcher <> - plugin [] was disabled because it doesn't support the given collection type.
46 [139621966309120] INFO perfrun.launcher <> - plugin [] was disabled because it doesn't support the given collection type.
46 [139621966309120] INFO perfrun.launcher <> - plugin [] was disabled because it doesn't support the given collection type.
46 [139621966309120] INFO perfrun.launcher <> - plugin [] was disabled because it doesn't support the given collection type.
46 [139621966309120] INFO perfrun.launcher <> - plugin [] was disabled because it doesn't support the given collection type.
46 [139621966309120] INFO perfrun.launcher <> - plugin [] was disabled because it doesn't support the given collection type.
46 [139621966309120] INFO perfrun.launcher <> - plugin [] was disabled because it doesn't support the given collection type.
46 [139621966309120] INFO perfrun.launcher <> - plugin [] was disabled because it doesn't support the given collection type.
46 [139621966309120] INFO perfrun.launcher <> - plugin [] was disabled because it doesn't support the given collection type.
46 [139622097790912] INFO perfrun.launcher <> - Application exit code: 0
46 [139622097790912] INFO perfrun.launcher <> - Exit code: 0
