<?xml version="1.0" encoding="utf-8"?>
<log version="1.0" tool="runtool">

<msg id="1" tool="runtool">
  <type>log-start</type>
  <arg>2022/06/19 15:34:38</arg>
</msg>
<msg id="2" tool="runtool">
  <type>bandwidth-measurement-starts</type>
</msg>
<msg id="3" tool="runtool">
  <type>bandwidth-measurement-done</type>
</msg>
<msg id="4" tool="runtool">
  <type>collector-starts</type>
</msg>
<msg id="5" tool="runtool">
  <type>marker-file</type>
  <arg>/home/stefan/git/asl/team36/src/alg2/opt/scalar/opt4/roofline_analysis/256/e000/trc000/trc000.advixe</arg>
</msg>
<msg id="6" tool="trc">
  <type>PROCESS_START</type>
  <arg>/home/stefan/git/asl/team36/src/alg2/opt/scalar/opt4/alg2opt4.out</arg>
  <arg>32275</arg>
  <severity>INFO</severity>
  <timestamp>Sun Jun 19 15:34:49 2022</timestamp>
</msg>
<msg id="7" tool="trc">
  <type>PROCESS_ANALYSIS_MODE</type>
  <arg>full</arg>
  <severity>INFO</severity>
  <timestamp>Sun Jun 19 15:34:49 2022</timestamp>
</msg>
<msg id="8" tool="trc">
  <type>LOAD_MODULE</type>
  <arg>/home/stefan/git/asl/team36/src/alg2/opt/scalar/opt4/alg2opt4.out</arg>
  <arg>0x5571377cc000</arg>
  <arg>0x5571379dc12f</arg>
  <arg>yes</arg>
  <severity>INFO</severity>
  <timestamp>Sun Jun 19 15:34:49 2022</timestamp>
</msg>
<msg id="9" tool="trc">
  <type>LOAD_MODULE</type>
  <arg>/lib64/ld-linux-x86-64.so.2</arg>
  <arg>0x7f9e46481000</arg>
  <arg>0x7f9e466ac16f</arg>
  <arg>no</arg>
  <severity>INFO</severity>
  <timestamp>Sun Jun 19 15:34:49 2022</timestamp>
</msg>
<msg id="10" tool="trc">
  <type>LOAD_MODULE</type>
  <arg>[vdso]</arg>
  <arg>0x7ffc065c0000</arg>
  <arg>0x7ffc065c0ab0</arg>
  <arg>no</arg>
  <severity>INFO</severity>
  <timestamp>Sun Jun 19 15:34:49 2022</timestamp>
</msg>
<msg id="11" tool="trc">
  <type>LOAD_MODULE</type>
  <arg>/lib/x86_64-linux-gnu/libm.so.6</arg>
  <arg>0x7f9e2fe7b000</arg>
  <arg>0x7f9e30218157</arg>
  <arg>no</arg>
  <severity>INFO</severity>
  <timestamp>Sun Jun 19 15:34:49 2022</timestamp>
</msg>
<msg id="12" tool="trc">
  <type>LOAD_MODULE</type>
  <arg>/lib/x86_64-linux-gnu/libc.so.6</arg>
  <arg>0x7f9e2fa14000</arg>
  <arg>0x7f9e2fe04adf</arg>
  <arg>no</arg>
  <severity>INFO</severity>
  <timestamp>Sun Jun 19 15:34:49 2022</timestamp>
</msg>
<msg id="13" tool="trc">
  <type>UNLOAD_MODULE</type>
  <arg>/home/stefan/git/asl/team36/src/alg2/opt/scalar/opt4/alg2opt4.out</arg>
  <severity>INFO</severity>
  <timestamp>Sun Jun 19 15:36:03 2022</timestamp>
</msg>
<msg id="14" tool="trc">
  <type>UNLOAD_MODULE</type>
  <arg>/lib64/ld-linux-x86-64.so.2</arg>
  <severity>INFO</severity>
  <timestamp>Sun Jun 19 15:36:03 2022</timestamp>
</msg>
<msg id="15" tool="trc">
  <type>UNLOAD_MODULE</type>
  <arg>[vdso]</arg>
  <severity>INFO</severity>
  <timestamp>Sun Jun 19 15:36:03 2022</timestamp>
</msg>
<msg id="16" tool="trc">
  <type>UNLOAD_MODULE</type>
  <arg>/lib/x86_64-linux-gnu/libm.so.6</arg>
  <severity>INFO</severity>
  <timestamp>Sun Jun 19 15:36:03 2022</timestamp>
</msg>
<msg id="17" tool="trc">
  <type>UNLOAD_MODULE</type>
  <arg>/lib/x86_64-linux-gnu/libc.so.6</arg>
  <severity>INFO</severity>
  <timestamp>Sun Jun 19 15:36:03 2022</timestamp>
</msg>
<msg id="18" tool="trc">
  <type>PROCESS_FINISH</type>
  <arg>/home/stefan/git/asl/team36/src/alg2/opt/scalar/opt4/alg2opt4.out</arg>
  <arg>32275</arg>
  <arg>0x0</arg>
  <severity>INFO</severity>
  <timestamp>Sun Jun 19 15:36:03 2022</timestamp>
</msg>
<msg id="19" tool="runtool">
  <type>app-exit-code</type>
  <arg>0</arg>
</msg>
<msg id="20" tool="runtool">
  <type>marker-file</type>
  <arg>/home/stefan/git/asl/team36/src/alg2/opt/scalar/opt4/roofline_analysis/256/e000/trc000/trc000.advixe</arg>
</msg>
<msg id="21" tool="runtool">
  <type>collector-done</type>
</msg>
<msg id="22" tool="runtool">
  <type>log-end</type>
  <arg>2022/06/19 15:36:07</arg>
</msg>

</log>

