10 [139730740352960] INFO perfrun.launcher <> - Launcher main begin
11 [139730740352960] INFO perfrun.launcher <> - MessageCatalogInit finished
11 [139730740352960] INFO perfrun.launcher <> - Launcher instance created
11 [139730740352960] INFO perfrun.launcher <> - argc = 6; cmdline = /opt/intel/oneapi/advisor/2022.1.0/bin64/advixe-runss -dump-vdso -r /home/stefan/git/asl/team36/src/alg1/opt/scalar/opt1/roofline_analysis/1024/e000/hs000 --tmp-dir /tmp/advixe-tmp-stefan 
41 [139730740352960] INFO perfrun.launcher <> - create msngr2::ICliToolContext
41 [139730740352960] INFO perfrun.launcher <> - create file finder object
42 [139730608871168] INFO perfrun.launcher <> - plugin [remoteplug] was disabled because it doesn't support the given collection type.
42 [139730608871168] INFO perfrun.launcher <> - plugin [system] was disabled because it doesn't support the given collection type.
42 [139730608871168] INFO perfrun.vdso <> - dumping [vdso] pseudomodule
44 [139730608871168] INFO perfrun.launcher <> - plugin [itt] was disabled because it doesn't support the given collection type.
44 [139730608871168] INFO perfrun.launcher <> - plugin [] was disabled because it doesn't support the given collection type.
44 [139730608871168] INFO perfrun.launcher <> - plugin [gpu] was disabled because it doesn't support the given collection type.
44 [139730608871168] INFO perfrun.launcher <> - plugin [] was disabled because it doesn't support the given collection type.
44 [139730608871168] INFO perfrun.launcher <> - plugin [] was disabled because it doesn't support the given collection type.
44 [139730608871168] INFO perfrun.launcher <> - plugin [] was disabled because it doesn't support the given collection type.
44 [139730608871168] INFO perfrun.launcher <> - plugin [mrte] was disabled because it doesn't support the given collection type.
44 [139730608871168] INFO perfrun.launcher <> - plugin [] was disabled because it doesn't support the given collection type.
44 [139730608871168] INFO perfrun.launcher <> - plugin [] was disabled because it doesn't support the given collection type.
44 [139730608871168] INFO perfrun.launcher <> - plugin [] was disabled because it doesn't support the given collection type.
44 [139730608871168] INFO perfrun.launcher <> - plugin [] was disabled because it doesn't support the given collection type.
44 [139730608871168] INFO perfrun.launcher <> - plugin [] was disabled because it doesn't support the given collection type.
44 [139730608871168] INFO perfrun.launcher <> - plugin [] was disabled because it doesn't support the given collection type.
44 [139730608871168] INFO perfrun.launcher <> - plugin [] was disabled because it doesn't support the given collection type.
44 [139730608871168] INFO perfrun.launcher <> - plugin [tpss] was disabled because it doesn't support the given collection type.
44 [139730608871168] INFO perfrun.launcher <> - plugin [] was disabled because it doesn't support the given collection type.
44 [139730608871168] INFO perfrun.launcher <> - plugin [] was disabled because it doesn't support the given collection type.
44 [139730608871168] INFO perfrun.launcher <> - plugin [] was disabled because it doesn't support the given collection type.
44 [139730608871168] INFO perfrun.launcher <> - plugin [] was disabled because it doesn't support the given collection type.
44 [139730608871168] INFO perfrun.launcher <> - plugin [] was disabled because it doesn't support the given collection type.
44 [139730608871168] INFO perfrun.launcher <> - plugin [] was disabled because it doesn't support the given collection type.
44 [139730608871168] INFO perfrun.launcher <> - plugin [] was disabled because it doesn't support the given collection type.
44 [139730608871168] INFO perfrun.launcher <> - plugin [] was disabled because it doesn't support the given collection type.
44 [139730608871168] INFO perfrun.launcher <> - plugin [] was disabled because it doesn't support the given collection type.
44 [139730740352960] INFO perfrun.launcher <> - Application exit code: 0
44 [139730740352960] INFO perfrun.launcher <> - Exit code: 0
